<?xml version="1.0" encoding="UTF-8"?>
<!-- Generated by org.testng.reporters.JUnitReportReporter -->
<testsuite hostname="Santhosh-AutoMation" failures="0" tests="8" name="Execution.Execution" time="389.742" errors="0" timestamp="2023-06-30T18:12:26 IST" skipped="0">
  <testcase classname="Execution.Execution" name="Login_The_Application" time="29.990"/>
  <system-out/>
  <testcase classname="Execution.Execution" name="create_new_product" time="23.109"/>
  <system-out/>
  <testcase classname="Execution.Execution" name="New_blind_product_creation" time="67.684"/>
  <system-out/>
  <testcase classname="Execution.Execution" name="Add_option" time="67.571"/>
  <system-out/>
  <testcase classname="Execution.Execution" name="List_Subfield" time="43.714"/>
  <system-out/>
  <testcase classname="Execution.Execution" name="Add_new_fabric_with_colour" time="108.045"/>
  <system-out/>
  <testcase classname="Execution.Execution" name="location_list_add" time="15.909"/>
  <system-out/>
  <testcase classname="Execution.Execution" name="product_comparision" time="33.720"/>
  <system-out/>
</testsuite> <!-- Execution.Execution -->
